hZSZ/build/outputs/logs/manifest-merger-release-report.txt
-- Merging decision tree log ---
manifest
ADDED from src\main\AndroidManifest.xml:2:1-532:12
	package
		ADDED from src\main\AndroidManifest.xml:3:5-27
		INJECTED from src\main\AndroidManifest.xml
		INJECTED from src\main\AndroidManifest.xml
	android:versionName
		ADDED from src\main\AndroidManifest.xml:5:5-32
		INJECTED from src\main\AndroidManifest.xml
		INJECTED from src\main\AndroidManifest.xml
	android:versionCode
		ADDED from src\main\AndroidManifest.xml:4:5-29
		INJECTED from src\main\AndroidManifest.xml
		INJECTED from src\main\AndroidManifest.xml
	xmlns:android
		ADDED from src\main\AndroidManifest.xml:2:11-69
uses-sdk
ADDED from src\main\AndroidManifest.xml:7:5-9:41
MERGED from [com.github.markushi:circlebutton:1.1] AndroidManifest.xml:7:5-44
MERGED from [:SMSSDK-2.1.3:] AndroidManifest.xml:7:5-9:41
MERGED from [com.google.android.gms:play-services-appindexing:8.4.0] AndroidManifest.xml:18:5-42
MERGED from [com.google.android.gms:play-services-base:8.4.0] AndroidManifest.xml:18:5-42
MERGED from [com.google.android.gms:play-services-basement:8.4.0] AndroidManifest.xml:18:5-42
MERGED from [com.getbase:floatingactionbutton:1.10.1] AndroidManifest.xml:8:5-10:41
MERGED from [com.android.support:cardview-v7:24.0.0] AndroidManifest.xml:20:5-43
MERGED from [com.github.afollestad.material-dialogs:core:0.8.5.1] AndroidManifest.xml:8:5-11:75
MERGED from [me.zhanghai.android.materialprogressbar:library:1.1.4] AndroidManifest.xml:11:5-13:41
MERGED from [com.android.support:appcompat-v7:23.2.0] AndroidManifest.xml:21:5-23:78
MERGED from [com.android.support:animated-vector-drawable:23.2.0] AndroidManifest.xml:5:5-44
MERGED from [com.android.support:support-vector-drawable:23.2.0] AndroidManifest.xml:5:5-43
MERGED from [com.android.support:recyclerview-v7:23.2.0] AndroidManifest.xml:20:5-43
MERGED from [com.android.support:support-v4:24.1.0] AndroidManifest.xml:21:5-23:54
	tools:overrideLibrary
		ADDED from [com.github.afollestad.material-dialogs:core:0.8.5.1] AndroidManifest.xml:11:9-72
	android:targetSdkVersion
		ADDED from src\main\AndroidManifest.xml:9:9-38
		INJECTED from src\main\AndroidManifest.xml
		INJECTED from src\main\AndroidManifest.xml
	android:minSdkVersion
		ADDED from src\main\AndroidManifest.xml:8:9-34
		INJECTED from src\main\AndroidManifest.xml
		INJECTED from src\main\AndroidManifest.xml
uses-permission#android.permission.INTERNET
ADDED from src\main\AndroidManifest.xml:11:5-67
	android:name
		ADDED from src\main\AndroidManifest.xml:11:22-64
uses-permission#android.permission.CALL_PHONE
ADDED from src\main\AndroidManifest.xml:12:5-69
	android:name
		ADDED from src\main\AndroidManifest.xml:12:22-66
uses-permission#android.permission.CAMERA
ADDED from src\main\AndroidManifest.xml:13:5-65
	android:name
		ADDED from src\main\AndroidManifest.xml:13:22-62
uses-permission#android.permission.GET_ACCOUNTS
ADDED from src\main\AndroidManifest.xml:15:5-71
	android:name
		ADDED from src\main\AndroidManifest.xml:15:22-68
uses-permission#android.permission.USE_CREDENTIALS
ADDED from src\main\AndroidManifest.xml:16:5-74
	android:name
		ADDED from src\main\AndroidManifest.xml:16:22-71
uses-permission#android.permission.MANAGE_ACCOUNTS
ADDED from src\main\AndroidManifest.xml:17:5-74
	android:name
		ADDED from src\main\AndroidManifest.xml:17:22-71
uses-permission#android.permission.AUTHENTICATE_ACCOUNTS
ADDED from src\main\AndroidManifest.xml:18:5-80
	android:name
		ADDED from src\main\AndroidManifest.xml:18:22-77
uses-permission#android.permission.ACCESS_NETWORK_STATE
ADDED from src\main\AndroidManifest.xml:19:5-79
	android:name
		ADDED from src\main\AndroidManifest.xml:19:22-76
uses-permission#com.android.launcher.permission.READ_SETTINGS
ADDED from src\main\AndroidManifest.xml:20:5-85
	android:name
		ADDED from src\main\AndroidManifest.xml:20:22-82
uses-permission#android.permission.CHANGE_WIFI_STATE
ADDED from src\main\AndroidManifest.xml:21:5-76
	android:name
		ADDED from src\main\AndroidManifest.xml:21:22-73
uses-permission#android.permission.ACCESS_WIFI_STATE
ADDED from src\main\AndroidManifest.xml:22:5-76
	android:name
		ADDED from src\main\AndroidManifest.xml:22:22-73
uses-permission#android.permission.READ_PHONE_STATE
ADDED from src\main\AndroidManifest.xml:23:5-75
	android:name
		ADDED from src\main\AndroidManifest.xml:23:22-72
uses-permission#android.permission.WRITE_EXTERNAL_STORAGE
ADDED from src\main\AndroidManifest.xml:24:5-81
	android:name
		ADDED from src\main\AndroidManifest.xml:24:22-78
uses-permission#android.permission.BROADCAST_STICKY
ADDED from src\main\AndroidManifest.xml:25:5-75
	android:name
		ADDED from src\main\AndroidManifest.xml:25:22-72
uses-permission#android.permission.WRITE_SETTINGS
ADDED from src\main\AndroidManifest.xml:26:5-73
	android:name
		ADDED from src\main\AndroidManifest.xml:26:22-70
uses-permission#android.permission.BAIDU_LOCATION_SERVICE
ADDED from src\main\AndroidManifest.xml:30:5-81
	android:name
		ADDED from src\main\AndroidManifest.xml:30:22-78
uses-permission#android.permission.ACCESS_COARSE_LOCATION
ADDED from src\main\AndroidManifest.xml:31:5-81
	android:name
		ADDED from src\main\AndroidManifest.xml:31:22-78
uses-permission#android.permission.ACCESS_FINE_LOCATION
ADDED from src\main\AndroidManifest.xml:32:5-79
	android:name
		ADDED from src\main\AndroidManifest.xml:32:22-76
uses-permission#android.permission.MOUNT_UNMOUNT_FILESYSTEMS
ADDED from src\main\AndroidManifest.xml:39:5-84
	android:name
		ADDED from src\main\AndroidManifest.xml:39:22-81
uses-permission#android.permission.READ_LOGS
ADDED from src\main\AndroidManifest.xml:40:5-68
	android:name
		ADDED from src\main\AndroidManifest.xml:40:22-65
uses-permission#android.permission.VIBRATE
ADDED from src\main\AndroidManifest.xml:52:5-66
	android:name
		ADDED from src\main\AndroidManifest.xml:52:22-63
uses-permission#android.permission.WAKE_LOCK
ADDED from src\main\AndroidManifest.xml:53:5-68
	android:name
		ADDED from src\main\AndroidManifest.xml:53:22-65
uses-permission#android.permission.READ_CONTACTS
ADDED from src\main\AndroidManifest.xml:59:5-72
	android:name
		ADDED from src\main\AndroidManifest.xml:59:22-69
uses-permission#android.permission.RECEIVE_SMS
ADDED from src\main\AndroidManifest.xml:65:5-70
	android:name
		ADDED from src\main\AndroidManifest.xml:65:22-67
uses-permission#android.permission.READ_SMS
ADDED from src\main\AndroidManifest.xml:66:5-67
	android:name
		ADDED from src\main\AndroidManifest.xml:66:22-64
uses-permission#android.permission.GET_TASKS
ADDED from src\main\AndroidManifest.xml:67:5-68
	android:name
		ADDED from src\main\AndroidManifest.xml:67:22-65
uses-permission#android.permission.RECEIVE_BOOT_COMPLETED
ADDED from src\main\AndroidManifest.xml:77:5-81
	android:name
		ADDED from src\main\AndroidManifest.xml:77:22-78
uses-permission#android.permission.BLUETOOTH
ADDED from src\main\AndroidManifest.xml:82:5-68
	android:name
		ADDED from src\main\AndroidManifest.xml:82:22-65
uses-permission#android.permission.BLUETOOTH_ADMIN
ADDED from src\main\AndroidManifest.xml:83:5-74
	android:name
		ADDED from src\main\AndroidManifest.xml:83:22-71
uses-permission#android.permission.SYSTEM_ALERT_WINDOW
ADDED from src\main\AndroidManifest.xml:88:5-78
	android:name
		ADDED from src\main\AndroidManifest.xml:88:22-75
uses-permission#getui.permission.GetuiService.com.zju.hzsz
ADDED from src\main\AndroidManifest.xml:90:5-82
	android:name
		ADDED from src\main\AndroidManifest.xml:90:22-79
permission#getui.permission.GetuiService.com.zju.hzsz
ADDED from src\main\AndroidManifest.xml:112:5-114:55
	android:protectionLevel
		ADDED from src\main\AndroidManifest.xml:114:9-41
	android:name
		ADDED from src\main\AndroidManifest.xml:113:9-66
android:users-permission
ADDED from src\main\AndroidManifest.xml:116:5-89
	android:name
		ADDED from src\main\AndroidManifest.xml:116:31-86
application
ADDED from src\main\AndroidManifest.xml:118:5-530:19
MERGED from [com.github.markushi:circlebutton:1.1] AndroidManifest.xml:9:5-20
MERGED from [:SMSSDK-2.1.3:] AndroidManifest.xml:11:5-12:19
MERGED from [com.google.android.gms:play-services-appindexing:8.4.0] AndroidManifest.xml:19:5-20
MERGED from [com.google.android.gms:play-services-basement:8.4.0] AndroidManifest.xml:20:5-24:19
MERGED from [com.getbase:floatingactionbutton:1.10.1] AndroidManifest.xml:12:5-20
MERGED from [com.android.support:cardview-v7:24.0.0] AndroidManifest.xml:22:5-20
MERGED from [com.github.afollestad.material-dialogs:core:0.8.5.1] AndroidManifest.xml:13:5-20
MERGED from [com.android.support:appcompat-v7:23.2.0] AndroidManifest.xml:25:5-20
MERGED from [com.android.support:animated-vector-drawable:23.2.0] AndroidManifest.xml:7:5-20
MERGED from [com.android.support:support-vector-drawable:23.2.0] AndroidManifest.xml:7:5-20
MERGED from [com.android.support:support-v4:24.1.0] AndroidManifest.xml:25:5-20
	android:label
		ADDED from src\main\AndroidManifest.xml:121:9-41
	android:allowBackup
		ADDED from src\main\AndroidManifest.xml:119:9-35
	android:icon
		ADDED from src\main\AndroidManifest.xml:120:9-45
	android:theme
		ADDED from src\main\AndroidManifest.xml:122:9-40
service#com.baidu.location.f
ADDED from src\main\AndroidManifest.xml:123:9-130:19
	android:enabled
		ADDED from src\main\AndroidManifest.xml:125:13-35
	android:process
		ADDED from src\main\AndroidManifest.xml:126:13-38
	android:name
		ADDED from src\main\AndroidManifest.xml:124:13-48
intent-filter#com.baidu.location.service_v2.2
ADDED from src\main\AndroidManifest.xml:127:13-129:29
action#com.baidu.location.service_v2.2
ADDED from src\main\AndroidManifest.xml:128:17-81
	android:name
		ADDED from src\main\AndroidManifest.xml:128:25-71
meta-data#com.baidu.lbsapi.API_KEY
ADDED from src\main\AndroidManifest.xml:133:9-135:64
	android:value
		ADDED from src\main\AndroidManifest.xml:135:13-61
	android:name
		ADDED from src\main\AndroidManifest.xml:134:13-52
activity#com.zju.hzsz.activity.WelcomeActivity
ADDED from src\main\AndroidManifest.xml:149:9-159:20
	android:screenOrientation
		ADDED from src\main\AndroidManifest.xml:152:13-49
	android:label
		ADDED from src\main\AndroidManifest.xml:151:13-45
	android:theme
		ADDED from src\main\AndroidManifest.xml:153:13-54
	android:name
		ADDED from src\main\AndroidManifest.xml:150:13-53
intent-filter#android.intent.action.MAIN+android.intent.category.LAUNCHER
ADDED from src\main\AndroidManifest.xml:154:13-158:29
action#android.intent.action.MAIN
ADDED from src\main\AndroidManifest.xml:155:17-69
	android:name
		ADDED from src\main\AndroidManifest.xml:155:25-66
category#android.intent.category.LAUNCHER
ADDED from src\main\AndroidManifest.xml:157:17-77
	android:name
		ADDED from src\main\AndroidManifest.xml:157:27-74
activity#com.mob.tools.MobUIShell
ADDED from src\main\AndroidManifest.xml:162:9-166:69
	android:windowSoftInputMode
		ADDED from src\main\AndroidManifest.xml:166:13-67
	android:configChanges
		ADDED from src\main\AndroidManifest.xml:165:13-74
	android:theme
		ADDED from src\main\AndroidManifest.xml:164:13-72
	android:name
		ADDED from src\main\AndroidManifest.xml:163:13-52
activity#com.zju.hzsz.activity.MainActivity
ADDED from src\main\AndroidManifest.xml:168:9-172:61
	android:screenOrientation
		ADDED from src\main\AndroidManifest.xml:172:13-49
	android:label
		ADDED from src\main\AndroidManifest.xml:170:13-45
	android:launchMode
		ADDED from src\main\AndroidManifest.xml:171:13-44
	android:name
		ADDED from src\main\AndroidManifest.xml:169:13-50
activity#com.zju.hzsz.activity.LoginActivity
ADDED from src\main\AndroidManifest.xml:173:9-176:61
	android:screenOrientation
		ADDED from src\main\AndroidManifest.xml:176:13-49
	android:label
		ADDED from src\main\AndroidManifest.xml:175:13-45
	android:name
		ADDED from src\main\AndroidManifest.xml:174:13-51
activity#com.zju.hzsz.activity.SugOrComtActivity
ADDED from src\main\AndroidManifest.xml:177:9-179:61
	android:screenOrientation
		ADDED from src\main\AndroidManifest.xml:179:13-49
	android:name
		ADDED from src\main\AndroidManifest.xml:178:13-55
activity#com.zju.hzsz.activity.EvalCompActivity
ADDED from src\main\AndroidManifest.xml:180:9-182:61
	android:screenOrientation
		ADDED from src\main\AndroidManifest.xml:182:13-49
	android:name
		ADDED from src\main\AndroidManifest.xml:181:13-54
activity#com.zju.hzsz.activity.EventReportActivity
ADDED from src\main\AndroidManifest.xml:183:9-185:61
	android:screenOrientation
		ADDED from src\main\AndroidManifest.xml:185:13-49
	android:name
		ADDED from src\main\AndroidManifest.xml:184:13-57
activity#com.zju.hzsz.activity.ForgotPasswordActivity
ADDED from src\main\AndroidManifest.xml:186:9-188:61
	android:screenOrientation
		ADDED from src\main\AndroidManifest.xml:188:13-49
	android:name
		ADDED from src\main\AndroidManifest.xml:187:13-60
activity#com.zju.hzsz.activity.ChangePasswordActivity
ADDED from src\main\AndroidManifest.xml:189:9-191:61
	android:screenOrientation
		ADDED from src\main\AndroidManifest.xml:191:13-49
	android:name
		ADDED from src\main\AndroidManifest.xml:190:13-60
activity#com.zju.hzsz.activity.ViewAllActivity
ADDED from src\main\AndroidManifest.xml:192:9-195:61
	android:screenOrientation
		ADDED from src\main\AndroidManifest.xml:195:13-49
	android:label
		ADDED from src\main\AndroidManifest.xml:194:13-45
	android:name
		ADDED from src\main\AndroidManifest.xml:193:13-53
activity#com.zju.hzsz.activity.NewsDetailActivity
ADDED from src\main\AndroidManifest.xml:196:9-199:61
	android:screenOrientation
		ADDED from src\main\AndroidManifest.xml:199:13-49
	android:label
		ADDED from src\main\AndroidManifest.xml:198:13-45
	android:name
		ADDED from src\main\AndroidManifest.xml:197:13-56
activity#com.zju.hzsz.activity.XmlActivity
ADDED from src\main\AndroidManifest.xml:200:9-202:61
	android:screenOrientation
		ADDED from src\main\AndroidManifest.xml:202:13-49
	android:name
		ADDED from src\main\AndroidManifest.xml:201:13-49
activity#com.zju.hzsz.activity.MyCollectActivity
ADDED from src\main\AndroidManifest.xml:203:9-205:61
	android:screenOrientation
		ADDED from src\main\AndroidManifest.xml:205:13-49
	android:name
		ADDED from src\main\AndroidManifest.xml:204:13-55
activity#com.zju.hzsz.activity.NpcMemberActivity
ADDED from src\main\AndroidManifest.xml:206:9-208:61
	android:screenOrientation
		ADDED from src\main\AndroidManifest.xml:208:13-49
	android:name
		ADDED from src\main\AndroidManifest.xml:207:13-55
activity#com.zju.hzsz.activity.NpcListActivity
ADDED from src\main\AndroidManifest.xml:209:9-210:61
	android:screenOrientation
		ADDED from src\main\AndroidManifest.xml:210:13-49
	android:name
		ADDED from src\main\AndroidManifest.xml:209:19-59
activity#com.zju.hzsz.activity.NpcFeedbackActivity
ADDED from src\main\AndroidManifest.xml:211:9-212:61
	android:screenOrientation
		ADDED from src\main\AndroidManifest.xml:212:13-49
	android:name
		ADDED from src\main\AndroidManifest.xml:211:19-63
activity#com.zju.hzsz.activity.CompListActivity
ADDED from src\main\AndroidManifest.xml:213:9-215:61
	android:screenOrientation
		ADDED from src\main\AndroidManifest.xml:215:13-49
	android:name
		ADDED from src\main\AndroidManifest.xml:214:13-54
activity#com.zju.hzsz.activity.CompDetailActivity
ADDED from src\main\AndroidManifest.xml:216:9-218:61
	android:screenOrientation
		ADDED from src\main\AndroidManifest.xml:218:13-49
	android:name
		ADDED from src\main\AndroidManifest.xml:217:13-56
activity#com.zju.hzsz.activity.AboutActivity
ADDED from src\main\AndroidManifest.xml:219:9-221:61
	android:screenOrientation
		ADDED from src\main\AndroidManifest.xml:221:13-49
	android:name
		ADDED from src\main\AndroidManifest.xml:220:13-51
activity#com.zju.hzsz.activity.QuestionActivity
ADDED from src\main\AndroidManifest.xml:222:9-223:61
	android:screenOrientation
		ADDED from src\main\AndroidManifest.xml:223:13-49
	android:name
		ADDED from src\main\AndroidManifest.xml:222:19-60
activity#com.zju.hzsz.activity.QuestionDetailActivity
ADDED from src\main\AndroidManifest.xml:224:9-225:61
	android:screenOrientation
		ADDED from src\main\AndroidManifest.xml:225:13-49
	android:name
		ADDED from src\main\AndroidManifest.xml:224:19-66
activity#com.zju.hzsz.activity.RegisterActivity
ADDED from src\main\AndroidManifest.xml:226:9-229:61
	android:screenOrientation
		ADDED from src\main\AndroidManifest.xml:229:13-49
	android:label
		ADDED from src\main\AndroidManifest.xml:228:13-45
	android:name
		ADDED from src\main\AndroidManifest.xml:227:13-54
activity#com.zju.hzsz.activity.MeActivity
ADDED from src\main\AndroidManifest.xml:230:9-233:61
	android:screenOrientation
		ADDED from src\main\AndroidManifest.xml:233:13-49
	android:label
		ADDED from src\main\AndroidManifest.xml:232:13-45
	android:name
		ADDED from src\main\AndroidManifest.xml:231:13-48
activity#com.zju.hzsz.activity.SettingActivity
ADDED from src\main\AndroidManifest.xml:234:9-237:61
	android:screenOrientation
		ADDED from src\main\AndroidManifest.xml:237:13-49
	android:label
		ADDED from src\main\AndroidManifest.xml:236:13-45
	android:name
		ADDED from src\main\AndroidManifest.xml:235:13-53
activity#com.zju.hzsz.activity.SectionActivity
ADDED from src\main\AndroidManifest.xml:238:9-241:61
	android:screenOrientation
		ADDED from src\main\AndroidManifest.xml:241:13-49
	android:label
		ADDED from src\main\AndroidManifest.xml:240:13-49
	android:name
		ADDED from src\main\AndroidManifest.xml:239:13-53
activity#com.zju.hzsz.activity.RiverActivity
ADDED from src\main\AndroidManifest.xml:242:9-245:61
	android:screenOrientation
		ADDED from src\main\AndroidManifest.xml:245:13-49
	android:label
		ADDED from src\main\AndroidManifest.xml:244:13-47
	android:name
		ADDED from src\main\AndroidManifest.xml:243:13-51
activity#com.zju.hzsz.activity.LakeActivity
ADDED from src\main\AndroidManifest.xml:246:9-249:61
	android:screenOrientation
		ADDED from src\main\AndroidManifest.xml:249:13-49
	android:label
		ADDED from src\main\AndroidManifest.xml:248:13-46
	android:name
		ADDED from src\main\AndroidManifest.xml:247:13-50
activity#com.zju.hzsz.activity.OutletActivity
ADDED from src\main\AndroidManifest.xml:250:9-253:61
	android:screenOrientation
		ADDED from src\main\AndroidManifest.xml:253:13-49
	android:label
		ADDED from src\main\AndroidManifest.xml:252:13-43
	android:name
		ADDED from src\main\AndroidManifest.xml:251:13-52
activity#com.zju.hzsz.activity.SmallWaterActivity
ADDED from src\main\AndroidManifest.xml:254:9-257:61
	android:screenOrientation
		ADDED from src\main\AndroidManifest.xml:257:13-49
	android:label
		ADDED from src\main\AndroidManifest.xml:256:13-52
	android:name
		ADDED from src\main\AndroidManifest.xml:255:13-56
activity#com.zju.hzsz.activity.SmallWaterListActivity
ADDED from src\main\AndroidManifest.xml:258:9-260:61
	android:screenOrientation
		ADDED from src\main\AndroidManifest.xml:260:13-49
	android:name
		ADDED from src\main\AndroidManifest.xml:259:13-60
activity#com.zju.hzsz.activity.LakeListAcitivity
ADDED from src\main\AndroidManifest.xml:261:9-263:61
	android:screenOrientation
		ADDED from src\main\AndroidManifest.xml:263:13-49
	android:name
		ADDED from src\main\AndroidManifest.xml:262:13-55
activity#com.zju.hzsz.activity.SearchRiverActivity
ADDED from src\main\AndroidManifest.xml:264:9-267:61
	android:screenOrientation
		ADDED from src\main\AndroidManifest.xml:267:13-49
	android:label
		ADDED from src\main\AndroidManifest.xml:266:13-48
	android:name
		ADDED from src\main\AndroidManifest.xml:265:13-57
activity#com.zju.hzsz.activity.SearchNewsActivity
ADDED from src\main\AndroidManifest.xml:268:9-271:61
	android:screenOrientation
		ADDED from src\main\AndroidManifest.xml:271:13-49
	android:label
		ADDED from src\main\AndroidManifest.xml:270:13-33
	android:name
		ADDED from src\main\AndroidManifest.xml:269:13-56
activity#com.zju.hzsz.activity.SearchCompActivity
ADDED from src\main\AndroidManifest.xml:272:9-275:61
	android:screenOrientation
		ADDED from src\main\AndroidManifest.xml:275:13-49
	android:label
		ADDED from src\main\AndroidManifest.xml:274:13-33
	android:name
		ADDED from src\main\AndroidManifest.xml:273:13-56
activity#com.zju.hzsz.activity.ViewItActivity
ADDED from src\main\AndroidManifest.xml:276:9-278:61
	android:screenOrientation
		ADDED from src\main\AndroidManifest.xml:278:13-49
	android:name
		ADDED from src\main\AndroidManifest.xml:277:13-52
activity#com.zju.hzsz.activity.SectionListActivity
ADDED from src\main\AndroidManifest.xml:279:9-281:61
	android:screenOrientation
		ADDED from src\main\AndroidManifest.xml:281:13-49
	android:name
		ADDED from src\main\AndroidManifest.xml:280:13-57
activity#com.zju.hzsz.activity.RiverListActivity
ADDED from src\main\AndroidManifest.xml:282:9-284:61
	android:screenOrientation
		ADDED from src\main\AndroidManifest.xml:284:13-49
	android:name
		ADDED from src\main\AndroidManifest.xml:283:13-55
activity#com.zju.hzsz.activity.OutletListActivity
ADDED from src\main\AndroidManifest.xml:285:9-286:61
	android:screenOrientation
		ADDED from src\main\AndroidManifest.xml:286:13-49
	android:name
		ADDED from src\main\AndroidManifest.xml:285:19-62
activity#com.zju.hzsz.chief.activity.ChiefCompListActivity
ADDED from src\main\AndroidManifest.xml:288:9-290:61
	android:screenOrientation
		ADDED from src\main\AndroidManifest.xml:290:13-49
	android:name
		ADDED from src\main\AndroidManifest.xml:289:13-65
activity#com.zju.hzsz.chief.activity.PatrolEventListActivity
ADDED from src\main\AndroidManifest.xml:292:9-294:61
	android:screenOrientation
		ADDED from src\main\AndroidManifest.xml:294:13-49
	android:name
		ADDED from src\main\AndroidManifest.xml:293:13-67
activity#com.zju.hzsz.chief.activity.PatrolEventDetailActivity
ADDED from src\main\AndroidManifest.xml:295:9-297:61
	android:screenOrientation
		ADDED from src\main\AndroidManifest.xml:297:13-49
	android:name
		ADDED from src\main\AndroidManifest.xml:296:13-69
activity#com.zju.hzsz.chief.activity.ChiefCompDetailActivity
ADDED from src\main\AndroidManifest.xml:298:9-300:61
	android:screenOrientation
		ADDED from src\main\AndroidManifest.xml:300:13-49
	android:name
		ADDED from src\main\AndroidManifest.xml:299:13-67
activity#com.zju.hzsz.chief.activity.ChiefInspectActivity
ADDED from src\main\AndroidManifest.xml:301:9-303:61
	android:screenOrientation
		ADDED from src\main\AndroidManifest.xml:303:13-49
	android:name
		ADDED from src\main\AndroidManifest.xml:302:13-64
activity#com.zju.hzsz.chief.activity.ChiefRecordListActivity
ADDED from src\main\AndroidManifest.xml:304:9-306:61
	android:screenOrientation
		ADDED from src\main\AndroidManifest.xml:306:13-49
	android:name
		ADDED from src\main\AndroidManifest.xml:305:13-67
activity#com.zju.hzsz.lakechief.activity.LakeChiefRecordListActivity
ADDED from src\main\AndroidManifest.xml:307:9-309:61
	android:screenOrientation
		ADDED from src\main\AndroidManifest.xml:309:13-49
	android:name
		ADDED from src\main\AndroidManifest.xml:308:13-75
activity#com.zju.hzsz.chief.activity.ChiefDubanListActivity
ADDED from src\main\AndroidManifest.xml:310:9-312:61
	android:screenOrientation
		ADDED from src\main\AndroidManifest.xml:312:13-49
	android:name
		ADDED from src\main\AndroidManifest.xml:311:13-66
activity#com.zju.hzsz.chief.activity.ChiefEditRecordActivity
ADDED from src\main\AndroidManifest.xml:313:9-315:61
	android:screenOrientation
		ADDED from src\main\AndroidManifest.xml:315:13-49
	android:name
		ADDED from src\main\AndroidManifest.xml:314:13-67
activity#com.zju.hzsz.lakechief.activity.LakeChiefEditRecordActivity
ADDED from src\main\AndroidManifest.xml:316:9-318:61
	android:screenOrientation
		ADDED from src\main\AndroidManifest.xml:318:13-49
	android:name
		ADDED from src\main\AndroidManifest.xml:317:13-75
activity#com.zju.hzsz.chief.activity.ChiefDubanDetailActivity
ADDED from src\main\AndroidManifest.xml:319:9-321:61
	android:screenOrientation
		ADDED from src\main\AndroidManifest.xml:321:13-49
	android:name
		ADDED from src\main\AndroidManifest.xml:320:13-68
activity#com.zju.hzsz.chief.activity.ChiefRivermanageActivity
ADDED from src\main\AndroidManifest.xml:322:9-323:61
	android:screenOrientation
		ADDED from src\main\AndroidManifest.xml:323:13-49
	android:name
		ADDED from src\main\AndroidManifest.xml:322:19-74
activity#com.zju.hzsz.chief.activity.ChiefLowLevelPubActivity
ADDED from src\main\AndroidManifest.xml:324:9-325:61
	android:screenOrientation
		ADDED from src\main\AndroidManifest.xml:325:13-49
	android:name
		ADDED from src\main\AndroidManifest.xml:324:19-74
activity#com.zju.hzsz.chief.activity.ChiefSignActivity
ADDED from src\main\AndroidManifest.xml:326:9-328:61
	android:screenOrientation
		ADDED from src\main\AndroidManifest.xml:328:13-49
	android:name
		ADDED from src\main\AndroidManifest.xml:327:13-61
activity#com.zju.hzsz.chief.activity.ChiefNpcSupActivity
ADDED from src\main\AndroidManifest.xml:329:9-330:61
	android:screenOrientation
		ADDED from src\main\AndroidManifest.xml:330:13-49
	android:name
		ADDED from src\main\AndroidManifest.xml:329:19-69
activity#com.zju.hzsz.npc.activity.ChiefNpcSugDetailActivity
ADDED from src\main\AndroidManifest.xml:331:9-332:61
	android:screenOrientation
		ADDED from src\main\AndroidManifest.xml:332:13-49
	android:name
		ADDED from src\main\AndroidManifest.xml:331:19-73
activity#com.zju.hzsz.chief.activity.ChiefMailListActivity
ADDED from src\main\AndroidManifest.xml:333:9-335:61
	android:screenOrientation
		ADDED from src\main\AndroidManifest.xml:335:13-49
	android:name
		ADDED from src\main\AndroidManifest.xml:334:13-65
activity#com.zju.hzsz.chief.activity.ChiefNotepadActivity
ADDED from src\main\AndroidManifest.xml:336:9-338:61
	android:screenOrientation
		ADDED from src\main\AndroidManifest.xml:338:13-49
	android:name
		ADDED from src\main\AndroidManifest.xml:337:13-64
activity#com.zju.hzsz.chief.activity.ChiefEditNoteActivity
ADDED from src\main\AndroidManifest.xml:339:9-341:61
	android:screenOrientation
		ADDED from src\main\AndroidManifest.xml:341:13-49
	android:name
		ADDED from src\main\AndroidManifest.xml:340:13-65
activity#com.zju.hzsz.chief.activity.ChiefMailDetailActivity
ADDED from src\main\AndroidManifest.xml:342:9-344:61
	android:screenOrientation
		ADDED from src\main\AndroidManifest.xml:344:13-49
	android:name
		ADDED from src\main\AndroidManifest.xml:343:13-67
activity#com.zju.hzsz.chief.activity.ChiefTrackViewActivity
ADDED from src\main\AndroidManifest.xml:345:9-346:61
	android:screenOrientation
		ADDED from src\main\AndroidManifest.xml:346:13-49
	android:name
		ADDED from src\main\AndroidManifest.xml:345:19-72
activity#com.zju.hzsz.npc.activity.NpcLegalListActivity
ADDED from src\main\AndroidManifest.xml:351:9-352:61
	android:screenOrientation
		ADDED from src\main\AndroidManifest.xml:352:13-49
	android:name
		ADDED from src\main\AndroidManifest.xml:351:19-68
activity#com.zju.hzsz.npc.activity.NpcMyjobActivity
ADDED from src\main\AndroidManifest.xml:353:9-354:61
	android:screenOrientation
		ADDED from src\main\AndroidManifest.xml:354:13-49
	android:name
		ADDED from src\main\AndroidManifest.xml:353:19-64
activity#com.zju.hzsz.npc.activity.NpcRankActivity
ADDED from src\main\AndroidManifest.xml:355:9-356:61
	android:screenOrientation
		ADDED from src\main\AndroidManifest.xml:356:13-49
	android:name
		ADDED from src\main\AndroidManifest.xml:355:19-63
activity#com.zju.hzsz.npc.activity.NpcSugDetailActivity
ADDED from src\main\AndroidManifest.xml:357:9-358:61
	android:screenOrientation
		ADDED from src\main\AndroidManifest.xml:358:13-49
	android:name
		ADDED from src\main\AndroidManifest.xml:357:19-68
service#com.zju.hzsz.service.LocalService
ADDED from src\main\AndroidManifest.xml:361:9-57
	android:name
		ADDED from src\main\AndroidManifest.xml:361:18-54
activity#com.zju.hzsz.activity.CompPhotoActivity
ADDED from src\main\AndroidManifest.xml:363:9-365:61
	android:screenOrientation
		ADDED from src\main\AndroidManifest.xml:365:13-49
	android:name
		ADDED from src\main\AndroidManifest.xml:364:13-55
activity#com.zju.hzsz.activity.PhotoViewActivity
ADDED from src\main\AndroidManifest.xml:366:9-369:89
	android:screenOrientation
		ADDED from src\main\AndroidManifest.xml:368:13-49
	android:theme
		ADDED from src\main\AndroidManifest.xml:369:13-77
	android:name
		ADDED from src\main\AndroidManifest.xml:367:13-55
activity#com.zju.hzsz.activity.RiverPositionActivity
ADDED from src\main\AndroidManifest.xml:370:9-372:61
	android:screenOrientation
		ADDED from src\main\AndroidManifest.xml:372:13-49
	android:name
		ADDED from src\main\AndroidManifest.xml:371:13-59
activity#com.zju.hzsz.activity.LakePositionActivity
ADDED from src\main\AndroidManifest.xml:373:9-375:61
	android:screenOrientation
		ADDED from src\main\AndroidManifest.xml:375:13-49
	android:name
		ADDED from src\main\AndroidManifest.xml:374:13-58
meta-data#UMENG_APPKEY
ADDED from src\main\AndroidManifest.xml:377:9-379:56
	android:value
		ADDED from src\main\AndroidManifest.xml:379:13-53
	android:name
		ADDED from src\main\AndroidManifest.xml:378:13-40
activity#com.umeng.socialize.view.ShareActivity
ADDED from src\main\AndroidManifest.xml:391:9-397:71
	android:launchMode
		ADDED from src\main\AndroidManifest.xml:394:13-44
	android:noHistory
		ADDED from src\main\AndroidManifest.xml:395:13-37
	android:windowSoftInputMode
		ADDED from src\main\AndroidManifest.xml:397:13-68
	android:configChanges
		ADDED from src\main\AndroidManifest.xml:393:13-57
	android:theme
		ADDED from src\main\AndroidManifest.xml:396:13-50
	android:name
		ADDED from src\main\AndroidManifest.xml:392:13-66
activity#com.zju.hzsz.wxapi.WXEntryActivity
ADDED from src\main\AndroidManifest.xml:398:9-403:75
	android:screenOrientation
		ADDED from src\main\AndroidManifest.xml:402:13-49
	android:exported
		ADDED from src\main\AndroidManifest.xml:401:13-36
	android:configChanges
		ADDED from src\main\AndroidManifest.xml:400:13-74
	android:theme
		ADDED from src\main\AndroidManifest.xml:403:13-72
	android:name
		ADDED from src\main\AndroidManifest.xml:399:13-50
activity#com.tencent.tauth.AuthActivity
ADDED from src\main\AndroidManifest.xml:406:9-418:20
	android:launchMode